<?xml version="1.0" encoding="UTF-8"?>
<testng-results skipped="0" failed="0" ignored="0" total="1" passed="1">
  <reporter-output>
  </reporter-output>
  <suite name="Default suite" duration-ms="41324" started-at="2019-03-07T02:49:23Z" finished-at="2019-03-07T02:50:04Z">
    <groups>
    </groups>
    <test name="Default test" duration-ms="41324" started-at="2019-03-07T02:49:23Z" finished-at="2019-03-07T02:50:04Z">
      <class name="signupPC.signupPC.test">
        <test-method status="PASS" signature="chromedriver()[pri:0, instance:signupPC.signupPC.test@f6c48ac]" name="chromedriver" is-config="true" duration-ms="3615" started-at="2019-03-07T02:49:23Z" finished-at="2019-03-07T02:49:27Z">
          <reporter-output>
          </reporter-output>
        </test-method> <!-- chromedriver -->
        <test-method status="PASS" signature="signup()[pri:0, instance:signupPC.signupPC.test@f6c48ac]" name="signup" duration-ms="37668" started-at="2019-03-07T02:49:27Z" finished-at="2019-03-07T02:50:04Z">
          <reporter-output>
          </reporter-output>
        </test-method> <!-- signup -->
      </class> <!-- signupPC.signupPC.test -->
    </test> <!-- Default test -->
  </suite> <!-- Default suite -->
</testng-results>
